<?xml version='1.0' encoding='UTF-8' standalone='no'?>
<doxygen xmlns:xsi="http://www.w3.org/2001/XMLSchema-instance" xsi:noNamespaceSchemaLocation="compound.xsd" version="1.8.17">
  <compounddef id="test-the-project_8md" kind="file" language="Markdown">
    <compoundname>test-the-project.md</compoundname>
    <briefdescription>
    </briefdescription>
    <detaileddescription>
    </detaileddescription>
    <programlisting>
<codeline></codeline>
<codeline><highlight class="normal">#<sp/>How<sp/>to<sp/>Test<sp/>the<sp/>Project</highlight></codeline>
<codeline></codeline>
<codeline><highlight class="normal">...<sp/>well,<sp/>how<sp/>to<sp/>...<sp/>?</highlight></codeline>
    </programlisting>
    <location file="_docs/test-the-project.md"/>
  </compounddef>
</doxygen>
